2023-04-18 13:50:27.215  INFO 8252 --- [main] com.example.demo.MadhuramsApplication    : Starting MadhuramsApplication using Java 17 on DESKTOP-8TM5INS with PID 8252 (C:\Users\avula\eclipse-workspace1\Madhurams\target\classes started by avula in C:\Users\avula\eclipse-workspace1\Madhurams)
2023-04-18 13:50:27.219  INFO 8252 --- [main] com.example.demo.MadhuramsApplication    : No active profile set, falling back to default profiles: default
2023-04-18 13:50:27.948  INFO 8252 --- [main] .s.d.r.c.RepositoryConfigurationDelegate : Bootstrapping Spring Data JPA repositories in DEFAULT mode.
2023-04-18 13:50:27.999  INFO 8252 --- [main] .s.d.r.c.RepositoryConfigurationDelegate : Finished Spring Data repository scanning in 43 ms. Found 4 JPA repository interfaces.
2023-04-18 13:50:28.413  INFO 8252 --- [main] o.s.b.w.embedded.tomcat.TomcatWebServer  : Tomcat initialized with port(s): 8080 (http)
2023-04-18 13:50:28.421  INFO 8252 --- [main] o.apache.catalina.core.StandardService   : Starting service [Tomcat]
2023-04-18 13:50:28.421  INFO 8252 --- [main] org.apache.catalina.core.StandardEngine  : Starting Servlet engine: [Apache Tomcat/9.0.41]
2023-04-18 13:50:28.738  INFO 8252 --- [main] o.a.c.c.C.[Tomcat].[localhost].[/]       : Initializing Spring embedded WebApplicationContext
2023-04-18 13:50:28.738  INFO 8252 --- [main] w.s.c.ServletWebServerApplicationContext : Root WebApplicationContext: initialization completed in 1467 ms
2023-04-18 13:50:28.941  INFO 8252 --- [main] com.zaxxer.hikari.HikariDataSource       : HikariPool-1 - Starting...
2023-04-18 13:50:30.349  INFO 8252 --- [main] com.zaxxer.hikari.HikariDataSource       : HikariPool-1 - Start completed.
2023-04-18 13:50:30.395  INFO 8252 --- [main] o.hibernate.jpa.internal.util.LogHelper  : HHH000204: Processing PersistenceUnitInfo [name: default]
2023-04-18 13:50:30.430  INFO 8252 --- [main] org.hibernate.Version                    : HHH000412: Hibernate ORM core version 5.4.27.Final
2023-04-18 13:50:30.527  INFO 8252 --- [main] o.hibernate.annotations.common.Version   : HCANN000001: Hibernate Commons Annotations {5.1.2.Final}
2023-04-18 13:50:30.629  INFO 8252 --- [main] org.hibernate.dialect.Dialect            : HHH000400: Using dialect: org.hibernate.dialect.MySQLDialect
2023-04-18 13:50:31.825  INFO 8252 --- [main] o.h.e.t.j.p.i.JtaPlatformInitiator       : HHH000490: Using JtaPlatform implementation: [org.hibernate.engine.transaction.jta.platform.internal.NoJtaPlatform]
2023-04-18 13:50:31.834  INFO 8252 --- [main] j.LocalContainerEntityManagerFactoryBean : Initialized JPA EntityManagerFactory for persistence unit 'default'
2023-04-18 13:50:33.045  WARN 8252 --- [main] JpaBaseConfiguration$JpaWebConfiguration : spring.jpa.open-in-view is enabled by default. Therefore, database queries may be performed during view rendering. Explicitly configure spring.jpa.open-in-view to disable this warning
2023-04-18 13:50:33.126  INFO 8252 --- [main] o.s.s.concurrent.ThreadPoolTaskExecutor  : Initializing ExecutorService 'applicationTaskExecutor'
2023-04-18 13:50:33.200  INFO 8252 --- [main] o.s.b.a.w.s.WelcomePageHandlerMapping    : Adding welcome page template: index
2023-04-18 13:50:33.400  INFO 8252 --- [main] o.s.b.w.embedded.tomcat.TomcatWebServer  : Tomcat started on port(s): 8080 (http) with context path ''
2023-04-18 13:50:33.409  INFO 8252 --- [main] com.example.demo.MadhuramsApplication    : Started MadhuramsApplication in 6.528 seconds (JVM running for 7.462)
2023-04-18 13:50:42.447  INFO 8252 --- [http-nio-8080-exec-1] o.a.c.c.C.[Tomcat].[localhost].[/]       : Initializing Spring DispatcherServlet 'dispatcherServlet'
2023-04-18 13:50:42.447  INFO 8252 --- [http-nio-8080-exec-1] o.s.web.servlet.DispatcherServlet        : Initializing Servlet 'dispatcherServlet'
2023-04-18 13:50:42.450  INFO 8252 --- [http-nio-8080-exec-1] o.s.web.servlet.DispatcherServlet        : Completed initialization in 1 ms
2023-04-18 13:54:35.369  INFO 8252 --- [RMI TCP Connection(7)-127.0.0.1] inMXBeanRegistrar$SpringApplicationAdmin : Application shutdown requested.
2023-04-18 13:54:35.388  INFO 8252 --- [RMI TCP Connection(7)-127.0.0.1] o.s.s.concurrent.ThreadPoolTaskExecutor  : Shutting down ExecutorService 'applicationTaskExecutor'
2023-04-18 13:54:35.389  INFO 8252 --- [RMI TCP Connection(7)-127.0.0.1] j.LocalContainerEntityManagerFactoryBean : Closing JPA EntityManagerFactory for persistence unit 'default'
2023-04-18 13:54:35.390  INFO 8252 --- [RMI TCP Connection(7)-127.0.0.1] com.zaxxer.hikari.HikariDataSource       : HikariPool-1 - Shutdown initiated...
2023-04-18 13:54:35.393  INFO 8252 --- [RMI TCP Connection(7)-127.0.0.1] com.zaxxer.hikari.HikariDataSource       : HikariPool-1 - Shutdown completed.
